The system is: Linux - 5.8.0-48-generic - x86_64
Compiling the CXX compiler identification source file "CMakeCXXCompilerId.cpp" succeeded.
Compiler: /usr/bin/c++ 
Build flags: 
Id flags:  

The output was:
0


Compilation of the CXX compiler identification source "CMakeCXXCompilerId.cpp" produced "a.out"

The CXX compiler identification is GNU, found in "/home/mrs/Desktop/Vinayak/RVO2/build/CMakeFiles/3.16.3/CompilerIdCXX/a.out"

Determining if the CXX compiler works passed with the following output:
Change Dir: /home/mrs/Desktop/Vinayak/RVO2/build/CMakeFiles/CMakeTmp

Run Build Command(s):/usr/bin/make cmTC_94a8a/fast && /usr/bin/make -f CMakeFiles/cmTC_94a8a.dir/build.make CMakeFiles/cmTC_94a8a.dir/build
make[1]: Entering directory '/home/mrs/Desktop/Vinayak/RVO2/build/CMakeFiles/CMakeTmp'
Building CXX object CMakeFiles/cmTC_94a8a.dir/testCXXCompiler.cxx.o
/usr/bin/c++     -o CMakeFiles/cmTC_94a8a.dir/testCXXCompiler.cxx.o -c /home/mrs/Desktop/Vinayak/RVO2/build/CMakeFiles/CMakeTmp/testCXXCompiler.cxx
Linking CXX executable cmTC_94a8a
/usr/bin/cmake -E cmake_link_script CMakeFiles/cmTC_94a8a.dir/link.txt --verbose=1
/usr/bin/c++       CMakeFiles/cmTC_94a8a.dir/testCXXCompiler.cxx.o  -o cmTC_94a8a 
make[1]: Leaving directory '/home/mrs/Desktop/Vinayak/RVO2/build/CMakeFiles/CMakeTmp'



Detecting CXX compiler ABI info compiled with the following output:
Change Dir: /home/mrs/Desktop/Vinayak/RVO2/build/CMakeFiles/CMakeTmp

Run Build Command(s):/usr/bin/make cmTC_8b6b3/fast && /usr/bin/make -f CMakeFiles/cmTC_8b6b3.dir/build.make CMakeFiles/cmTC_8b6b3.dir/build
make[1]: Entering directory '/home/mrs/Desktop/Vinayak/RVO2/build/CMakeFiles/CMakeTmp'
Building CXX object CMakeFiles/cmTC_8b6b3.dir/CMakeCXXCompilerABI.cpp.o
/usr/bin/c++    -v -o CMakeFiles/cmTC_8b6b3.dir/CMakeCXXCompilerABI.cpp.o -c /usr/share/cmake-3.16/Modules/CMakeCXXCompilerABI.cpp
Using built-in specs.
COLLECT_GCC=/usr/bin/c++
OFFLOAD_TARGET_NAMES=nvptx-none:hsa
OFFLOAD_TARGET_DEFAULT=1
Target: x86_64-linux-gnu
Configured with: ../src/configure -v --with-pkgversion='Ubuntu 9.4.0-1ubuntu1~20.04.1' --with-bugurl=file:///usr/share/doc/gcc-9/README.Bugs --enable-languages=c,ada,c++,go,brig,d,fortran,objc,obj-c++,gm2 --prefix=/usr --with-gcc-major-version-only --program-suffix=-9 --program-prefix=x86_64-linux-gnu- --enable-shared --enable-linker-build-id --libexecdir=/usr/lib --without-included-gettext --enable-threads=posix --libdir=/usr/lib --enable-nls --enable-clocale=gnu --enable-libstdcxx-debug --enable-libstdcxx-time=yes --with-default-libstdcxx-abi=new --enable-gnu-unique-object --disable-vtable-verify --enable-plugin --enable-default-pie --with-system-zlib --with-target-system-zlib=auto --enable-objc-gc=auto --enable-multiarch --disable-werror --with-arch-32=i686 --with-abi=m64 --with-multilib-list=m32,m64,mx32 --enable-multilib --with-tune=generic --enable-offload-targets=nvptx-none=/build/gcc-9-Av3uEd/gcc-9-9.4.0/debian/tmp-nvptx/usr,hsa --without-cuda-driver --enable-checking=release --build=x86_64-linux-gnu --host=x86_64-linux-gnu --target=x86_64-linux-gnu
Thread model: posix
gcc version 9.4.0 (Ubuntu 9.4.0-1ubuntu1~20.04.1) 
COLLECT_GCC_OPTIONS='-v' '-o' 'CMakeFiles/cmTC_8b6b3.dir/CMakeCXXCompilerABI.cpp.o' '-c' '-shared-libgcc' '-mtune=generic' '-march=x86-64'
 /usr/lib/gcc/x86_64-linux-gnu/9/cc1plus -quiet -v -imultiarch x86_64-linux-gnu -D_GNU_SOURCE /usr/share/cmake-3.16/Modules/CMakeCXXCompilerABI.cpp -quiet -dumpbase CMakeCXXCompilerABI.cpp -mtune=generic -march=x86-64 -auxbase-strip CMakeFiles/cmTC_8b6b3.dir/CMakeCXXCompilerABI.cpp.o -version -fasynchronous-unwind-tables -fstack-protector-strong -Wformat -Wformat-security -fstack-clash-protection -fcf-protection -o /tmp/ccSvDZ3X.s
GNU C++14 (Ubuntu 9.4.0-1ubuntu1~20.04.1) version 9.4.0 (x86_64-linux-gnu)
	compiled by GNU C version 9.4.0, GMP version 6.2.0, MPFR version 4.0.2, MPC version 1.1.0, isl version isl-0.22.1-GMP

GGC heuristics: --param ggc-min-expand=100 --param ggc-min-heapsize=131072
ignoring duplicate directory "/usr/include/x86_64-linux-gnu/c++/9"
ignoring nonexistent directory "/usr/local/include/x86_64-linux-gnu"
ignoring nonexistent directory "/usr/lib/gcc/x86_64-linux-gnu/9/include-fixed"
ignoring nonexistent directory "/usr/lib/gcc/x86_64-linux-gnu/9/../../../../x86_64-linux-gnu/include"
#include "..." search starts here:
#include <...> search starts here:
 /usr/include/c++/9
 /usr/include/x86_64-linux-gnu/c++/9
 /usr/include/c++/9/backward
 /usr/lib/gcc/x86_64-linux-gnu/9/include
 /usr/local/include
 /usr/include/x86_64-linux-gnu
 /usr/include
End of search list.
GNU C++14 (Ubuntu 9.4.0-1ubuntu1~20.04.1) version 9.4.0 (x86_64-linux-gnu)
	compiled by GNU C version 9.4.0, GMP version 6.2.0, MPFR version 4.0.2, MPC version 1.1.0, isl version isl-0.22.1-GMP

GGC heuristics: --param ggc-min-expand=100 --param ggc-min-heapsize=131072
Compiler executable checksum: 65fe925b83d3956b533de4aaba7dace0
COLLECT_GCC_OPTIONS='-v' '-o' 'CMakeFiles/cmTC_8b6b3.dir/CMakeCXXCompilerABI.cpp.o' '-c' '-shared-libgcc' '-mtune=generic' '-march=x86-64'
 as -v --64 -o CMakeFiles/cmTC_8b6b3.dir/CMakeCXXCompilerABI.cpp.o /tmp/ccSvDZ3X.s
GNU assembler version 2.34 (x86_64-linux-gnu) using BFD version (GNU Binutils for Ubuntu) 2.34
COMPILER_PATH=/usr/lib/gcc/x86_64-linux-gnu/9/:/usr/lib/gcc/x86_64-linux-gnu/9/:/usr/lib/gcc/x86_64-linux-gnu/:/usr/lib/gcc/x86_64-linux-gnu/9/:/usr/lib/gcc/x86_64-linux-gnu/
LIBRARY_PATH=/usr/lib/gcc/x86_64-linux-gnu/9/:/usr/lib/gcc/x86_64-linux-gnu/9/../../../x86_64-linux-gnu/:/usr/lib/gcc/x86_64-linux-gnu/9/../../../../lib/:/lib/x86_64-linux-gnu/:/lib/../lib/:/usr/lib/x86_64-linux-gnu/:/usr/lib/../lib/:/usr/lib/gcc/x86_64-linux-gnu/9/../../../:/lib/:/usr/lib/
COLLECT_GCC_OPTIONS='-v' '-o' 'CMakeFiles/cmTC_8b6b3.dir/CMakeCXXCompilerABI.cpp.o' '-c' '-shared-libgcc' '-mtune=generic' '-march=x86-64'
Linking CXX executable cmTC_8b6b3
/usr/bin/cmake -E cmake_link_script CMakeFiles/cmTC_8b6b3.dir/link.txt --verbose=1
/usr/bin/c++      -v CMakeFiles/cmTC_8b6b3.dir/CMakeCXXCompilerABI.cpp.o  -o cmTC_8b6b3 
Using built-in specs.
COLLECT_GCC=/usr/bin/c++
COLLECT_LTO_WRAPPER=/usr/lib/gcc/x86_64-linux-gnu/9/lto-wrapper
OFFLOAD_TARGET_NAMES=nvptx-none:hsa
OFFLOAD_TARGET_DEFAULT=1
Target: x86_64-linux-gnu
Configured with: ../src/configure -v --with-pkgversion='Ubuntu 9.4.0-1ubuntu1~20.04.1' --with-bugurl=file:///usr/share/doc/gcc-9/README.Bugs --enable-languages=c,ada,c++,go,brig,d,fortran,objc,obj-c++,gm2 --prefix=/usr --with-gcc-major-version-only --program-suffix=-9 --program-prefix=x86_64-linux-gnu- --enable-shared --enable-linker-build-id --libexecdir=/usr/lib --without-included-gettext --enable-threads=posix --libdir=/usr/lib --enable-nls --enable-clocale=gnu --enable-libstdcxx-debug --enable-libstdcxx-time=yes --with-default-libstdcxx-abi=new --enable-gnu-unique-object --disable-vtable-verify --enable-plugin --enable-default-pie --with-system-zlib --with-target-system-zlib=auto --enable-objc-gc=auto --enable-multiarch --disable-werror --with-arch-32=i686 --with-abi=m64 --with-multilib-list=m32,m64,mx32 --enable-multilib --with-tune=generic --enable-offload-targets=nvptx-none=/build/gcc-9-Av3uEd/gcc-9-9.4.0/debian/tmp-nvptx/usr,hsa --without-cuda-driver --enable-checking=release --build=x86_64-linux-gnu --host=x86_64-linux-gnu --target=x86_64-linux-gnu
Thread model: posix
gcc version 9.4.0 (Ubuntu 9.4.0-1ubuntu1~20.04.1) 
COMPILER_PATH=/usr/lib/gcc/x86_64-linux-gnu/9/:/usr/lib/gcc/x86_64-linux-gnu/9/:/usr/lib/gcc/x86_64-linux-gnu/:/usr/lib/gcc/x86_64-linux-gnu/9/:/usr/lib/gcc/x86_64-linux-gnu/
LIBRARY_PATH=/usr/lib/gcc/x86_64-linux-gnu/9/:/usr/lib/gcc/x86_64-linux-gnu/9/../../../x86_64-linux-gnu/:/usr/lib/gcc/x86_64-linux-gnu/9/../../../../lib/:/lib/x86_64-linux-gnu/:/lib/../lib/:/usr/lib/x86_64-linux-gnu/:/usr/lib/../lib/:/usr/lib/gcc/x86_64-linux-gnu/9/../../../:/lib/:/usr/lib/
COLLECT_GCC_OPTIONS='-v' '-o' 'cmTC_8b6b3' '-shared-libgcc' '-mtune=generic' '-march=x86-64'
 /usr/lib/gcc/x86_64-linux-gnu/9/collect2 -plugin /usr/lib/gcc/x86_64-linux-gnu/9/liblto_plugin.so -plugin-opt=/usr/lib/gcc/x86_64-linux-gnu/9/lto-wrapper -plugin-opt=-fresolution=/tmp/ccna3JNp.res -plugin-opt=-pass-through=-lgcc_s -plugin-opt=-pass-through=-lgcc -plugin-opt=-pass-through=-lc -plugin-opt=-pass-through=-lgcc_s -plugin-opt=-pass-through=-lgcc --build-id --eh-frame-hdr -m elf_x86_64 --hash-style=gnu --as-needed -dynamic-linker /lib64/ld-linux-x86-64.so.2 -pie -z now -z relro -o cmTC_8b6b3 /usr/lib/gcc/x86_64-linux-gnu/9/../../../x86_64-linux-gnu/Scrt1.o /usr/lib/gcc/x86_64-linux-gnu/9/../../../x86_64-linux-gnu/crti.o /usr/lib/gcc/x86_64-linux-gnu/9/crtbeginS.o -L/usr/lib/gcc/x86_64-linux-gnu/9 -L/usr/lib/gcc/x86_64-linux-gnu/9/../../../x86_64-linux-gnu -L/usr/lib/gcc/x86_64-linux-gnu/9/../../../../lib -L/lib/x86_64-linux-gnu -L/lib/../lib -L/usr/lib/x86_64-linux-gnu -L/usr/lib/../lib -L/usr/lib/gcc/x86_64-linux-gnu/9/../../.. CMakeFiles/cmTC_8b6b3.dir/CMakeCXXCompilerABI.cpp.o -lstdc++ -lm -lgcc_s -lgcc -lc -lgcc_s -lgcc /usr/lib/gcc/x86_64-linux-gnu/9/crtendS.o /usr/lib/gcc/x86_64-linux-gnu/9/../../../x86_64-linux-gnu/crtn.o
COLLECT_GCC_OPTIONS='-v' '-o' 'cmTC_8b6b3' '-shared-libgcc' '-mtune=generic' '-march=x86-64'
make[1]: Leaving directory '/home/mrs/Desktop/Vinayak/RVO2/build/CMakeFiles/CMakeTmp'



Parsed CXX implicit include dir info from above output: rv=done
  found start of include info
  found start of implicit include info
    add: [/usr/include/c++/9]
    add: [/usr/include/x86_64-linux-gnu/c++/9]
    add: [/usr/include/c++/9/backward]
    add: [/usr/lib/gcc/x86_64-linux-gnu/9/include]
    add: [/usr/local/include]
    add: [/usr/include/x86_64-linux-gnu]
    add: [/usr/include]
  end of search list found
  collapse include dir [/usr/include/c++/9] ==> [/usr/include/c++/9]
  collapse include dir [/usr/include/x86_64-linux-gnu/c++/9] ==> [/usr/include/x86_64-linux-gnu/c++/9]
  collapse include dir [/usr/include/c++/9/backward] ==> [/usr/include/c++/9/backward]
  collapse include dir [/usr/lib/gcc/x86_64-linux-gnu/9/include] ==> [/usr/lib/gcc/x86_64-linux-gnu/9/include]
  collapse include dir [/usr/local/include] ==> [/usr/local/include]
  collapse include dir [/usr/include/x86_64-linux-gnu] ==> [/usr/include/x86_64-linux-gnu]
  collapse include dir [/usr/include] ==> [/usr/include]
  implicit include dirs: [/usr/include/c++/9;/usr/include/x86_64-linux-gnu/c++/9;/usr/include/c++/9/backward;/usr/lib/gcc/x86_64-linux-gnu/9/include;/usr/local/include;/usr/include/x86_64-linux-gnu;/usr/include]


Parsed CXX implicit link information from above output:
  link line regex: [^( *|.*[/\])(ld|CMAKE_LINK_STARTFILE-NOTFOUND|([^/\]+-)?ld|collect2)[^/\]*( |$)]
  ignore line: [Change Dir: /home/mrs/Desktop/Vinayak/RVO2/build/CMakeFiles/CMakeTmp]
  ignore line: []
  ignore line: [Run Build Command(s):/usr/bin/make cmTC_8b6b3/fast && /usr/bin/make -f CMakeFiles/cmTC_8b6b3.dir/build.make CMakeFiles/cmTC_8b6b3.dir/build]
  ignore line: [make[1]: Entering directory '/home/mrs/Desktop/Vinayak/RVO2/build/CMakeFiles/CMakeTmp']
  ignore line: [Building CXX object CMakeFiles/cmTC_8b6b3.dir/CMakeCXXCompilerABI.cpp.o]
  ignore line: [/usr/bin/c++    -v -o CMakeFiles/cmTC_8b6b3.dir/CMakeCXXCompilerABI.cpp.o -c /usr/share/cmake-3.16/Modules/CMakeCXXCompilerABI.cpp]
  ignore line: [Using built-in specs.]
  ignore line: [COLLECT_GCC=/usr/bin/c++]
  ignore line: [OFFLOAD_TARGET_NAMES=nvptx-none:hsa]
  ignore line: [OFFLOAD_TARGET_DEFAULT=1]
  ignore line: [Target: x86_64-linux-gnu]
  ignore line: [Configured with: ../src/configure -v --with-pkgversion='Ubuntu 9.4.0-1ubuntu1~20.04.1' --with-bugurl=file:///usr/share/doc/gcc-9/README.Bugs --enable-languages=c ada c++ go brig d fortran objc obj-c++ gm2 --prefix=/usr --with-gcc-major-version-only --program-suffix=-9 --program-prefix=x86_64-linux-gnu- --enable-shared --enable-linker-build-id --libexecdir=/usr/lib --without-included-gettext --enable-threads=posix --libdir=/usr/lib --enable-nls --enable-clocale=gnu --enable-libstdcxx-debug --enable-libstdcxx-time=yes --with-default-libstdcxx-abi=new --enable-gnu-unique-object --disable-vtable-verify --enable-plugin --enable-default-pie --with-system-zlib --with-target-system-zlib=auto --enable-objc-gc=auto --enable-multiarch --disable-werror --with-arch-32=i686 --with-abi=m64 --with-multilib-list=m32 m64 mx32 --enable-multilib --with-tune=generic --enable-offload-targets=nvptx-none=/build/gcc-9-Av3uEd/gcc-9-9.4.0/debian/tmp-nvptx/usr hsa --without-cuda-driver --enable-checking=release --build=x86_64-linux-gnu --host=x86_64-linux-gnu --target=x86_64-linux-gnu]
  ignore line: [Thread model: posix]
  ignore line: [gcc version 9.4.0 (Ubuntu 9.4.0-1ubuntu1~20.04.1) ]
  ignore line: [COLLECT_GCC_OPTIONS='-v' '-o' 'CMakeFiles/cmTC_8b6b3.dir/CMakeCXXCompilerABI.cpp.o' '-c' '-shared-libgcc' '-mtune=generic' '-march=x86-64']
  ignore line: [ /usr/lib/gcc/x86_64-linux-gnu/9/cc1plus -quiet -v -imultiarch x86_64-linux-gnu -D_GNU_SOURCE /usr/share/cmake-3.16/Modules/CMakeCXXCompilerABI.cpp -quiet -dumpbase CMakeCXXCompilerABI.cpp -mtune=generic -march=x86-64 -auxbase-strip CMakeFiles/cmTC_8b6b3.dir/CMakeCXXCompilerABI.cpp.o -version -fasynchronous-unwind-tables -fstack-protector-strong -Wformat -Wformat-security -fstack-clash-protection -fcf-protection -o /tmp/ccSvDZ3X.s]
  ignore line: [GNU C++14 (Ubuntu 9.4.0-1ubuntu1~20.04.1) version 9.4.0 (x86_64-linux-gnu)]
  ignore line: [	compiled by GNU C version 9.4.0  GMP version 6.2.0  MPFR version 4.0.2  MPC version 1.1.0  isl version isl-0.22.1-GMP]
  ignore line: []
  ignore line: [GGC heuristics: --param ggc-min-expand=100 --param ggc-min-heapsize=131072]
  ignore line: [ignoring duplicate directory "/usr/include/x86_64-linux-gnu/c++/9"]
  ignore line: [ignoring nonexistent directory "/usr/local/include/x86_64-linux-gnu"]
  ignore line: [ignoring nonexistent directory "/usr/lib/gcc/x86_64-linux-gnu/9/include-fixed"]
  ignore line: [ignoring nonexistent directory "/usr/lib/gcc/x86_64-linux-gnu/9/../../../../x86_64-linux-gnu/include"]
  ignore line: [#include "..." search starts here:]
  ignore line: [#include <...> search starts here:]
  ignore line: [ /usr/include/c++/9]
  ignore line: [ /usr/include/x86_64-linux-gnu/c++/9]
  ignore line: [ /usr/include/c++/9/backward]
  ignore line: [ /usr/lib/gcc/x86_64-linux-gnu/9/include]
  ignore line: [ /usr/local/include]
  ignore line: [ /usr/include/x86_64-linux-gnu]
  ignore line: [ /usr/include]
  ignore line: [End of search list.]
  ignore line: [GNU C++14 (Ubuntu 9.4.0-1ubuntu1~20.04.1) version 9.4.0 (x86_64-linux-gnu)]
  ignore line: [	compiled by GNU C version 9.4.0  GMP version 6.2.0  MPFR version 4.0.2  MPC version 1.1.0  isl version isl-0.22.1-GMP]
  ignore line: []
  ignore line: [GGC heuristics: --param ggc-min-expand=100 --param ggc-min-heapsize=131072]
  ignore line: [Compiler executable checksum: 65fe925b83d3956b533de4aaba7dace0]
  ignore line: [COLLECT_GCC_OPTIONS='-v' '-o' 'CMakeFiles/cmTC_8b6b3.dir/CMakeCXXCompilerABI.cpp.o' '-c' '-shared-libgcc' '-mtune=generic' '-march=x86-64']
  ignore line: [ as -v --64 -o CMakeFiles/cmTC_8b6b3.dir/CMakeCXXCompilerABI.cpp.o /tmp/ccSvDZ3X.s]
  ignore line: [GNU assembler version 2.34 (x86_64-linux-gnu) using BFD version (GNU Binutils for Ubuntu) 2.34]
  ignore line: [COMPILER_PATH=/usr/lib/gcc/x86_64-linux-gnu/9/:/usr/lib/gcc/x86_64-linux-gnu/9/:/usr/lib/gcc/x86_64-linux-gnu/:/usr/lib/gcc/x86_64-linux-gnu/9/:/usr/lib/gcc/x86_64-linux-gnu/]
  ignore line: [LIBRARY_PATH=/usr/lib/gcc/x86_64-linux-gnu/9/:/usr/lib/gcc/x86_64-linux-gnu/9/../../../x86_64-linux-gnu/:/usr/lib/gcc/x86_64-linux-gnu/9/../../../../lib/:/lib/x86_64-linux-gnu/:/lib/../lib/:/usr/lib/x86_64-linux-gnu/:/usr/lib/../lib/:/usr/lib/gcc/x86_64-linux-gnu/9/../../../:/lib/:/usr/lib/]
  ignore line: [COLLECT_GCC_OPTIONS='-v' '-o' 'CMakeFiles/cmTC_8b6b3.dir/CMakeCXXCompilerABI.cpp.o' '-c' '-shared-libgcc' '-mtune=generic' '-march=x86-64']
  ignore line: [Linking CXX executable cmTC_8b6b3]
  ignore line: [/usr/bin/cmake -E cmake_link_script CMakeFiles/cmTC_8b6b3.dir/link.txt --verbose=1]
  ignore line: [/usr/bin/c++      -v CMakeFiles/cmTC_8b6b3.dir/CMakeCXXCompilerABI.cpp.o  -o cmTC_8b6b3 ]
  ignore line: [Using built-in specs.]
  ignore line: [COLLECT_GCC=/usr/bin/c++]
  ignore line: [COLLECT_LTO_WRAPPER=/usr/lib/gcc/x86_64-linux-gnu/9/lto-wrapper]
  ignore line: [OFFLOAD_TARGET_NAMES=nvptx-none:hsa]
  ignore line: [OFFLOAD_TARGET_DEFAULT=1]
  ignore line: [Target: x86_64-linux-gnu]
  ignore line: [Configured with: ../src/configure -v --with-pkgversion='Ubuntu 9.4.0-1ubuntu1~20.04.1' --with-bugurl=file:///usr/share/doc/gcc-9/README.Bugs --enable-languages=c ada c++ go brig d fortran objc obj-c++ gm2 --prefix=/usr --with-gcc-major-version-only --program-suffix=-9 --program-prefix=x86_64-linux-gnu- --enable-shared --enable-linker-build-id --libexecdir=/usr/lib --without-included-gettext --enable-threads=posix --libdir=/usr/lib --enable-nls --enable-clocale=gnu --enable-libstdcxx-debug --enable-libstdcxx-time=yes --with-default-libstdcxx-abi=new --enable-gnu-unique-object --disable-vtable-verify --enable-plugin --enable-default-pie --with-system-zlib --with-target-system-zlib=auto --enable-objc-gc=auto --enable-multiarch --disable-werror --with-arch-32=i686 --with-abi=m64 --with-multilib-list=m32 m64 mx32 --enable-multilib --with-tune=generic --enable-offload-targets=nvptx-none=/build/gcc-9-Av3uEd/gcc-9-9.4.0/debian/tmp-nvptx/usr hsa --without-cuda-driver --enable-checking=release --build=x86_64-linux-gnu --host=x86_64-linux-gnu --target=x86_64-linux-gnu]
  ignore line: [Thread model: posix]
  ignore line: [gcc version 9.4.0 (Ubuntu 9.4.0-1ubuntu1~20.04.1) ]
  ignore line: [COMPILER_PATH=/usr/lib/gcc/x86_64-linux-gnu/9/:/usr/lib/gcc/x86_64-linux-gnu/9/:/usr/lib/gcc/x86_64-linux-gnu/:/usr/lib/gcc/x86_64-linux-gnu/9/:/usr/lib/gcc/x86_64-linux-gnu/]
  ignore line: [LIBRARY_PATH=/usr/lib/gcc/x86_64-linux-gnu/9/:/usr/lib/gcc/x86_64-linux-gnu/9/../../../x86_64-linux-gnu/:/usr/lib/gcc/x86_64-linux-gnu/9/../../../../lib/:/lib/x86_64-linux-gnu/:/lib/../lib/:/usr/lib/x86_64-linux-gnu/:/usr/lib/../lib/:/usr/lib/gcc/x86_64-linux-gnu/9/../../../:/lib/:/usr/lib/]
  ignore line: [COLLECT_GCC_OPTIONS='-v' '-o' 'cmTC_8b6b3' '-shared-libgcc' '-mtune=generic' '-march=x86-64']
  link line: [ /usr/lib/gcc/x86_64-linux-gnu/9/collect2 -plugin /usr/lib/gcc/x86_64-linux-gnu/9/liblto_plugin.so -plugin-opt=/usr/lib/gcc/x86_64-linux-gnu/9/lto-wrapper -plugin-opt=-fresolution=/tmp/ccna3JNp.res -plugin-opt=-pass-through=-lgcc_s -plugin-opt=-pass-through=-lgcc -plugin-opt=-pass-through=-lc -plugin-opt=-pass-through=-lgcc_s -plugin-opt=-pass-through=-lgcc --build-id --eh-frame-hdr -m elf_x86_64 --hash-style=gnu --as-needed -dynamic-linker /lib64/ld-linux-x86-64.so.2 -pie -z now -z relro -o cmTC_8b6b3 /usr/lib/gcc/x86_64-linux-gnu/9/../../../x86_64-linux-gnu/Scrt1.o /usr/lib/gcc/x86_64-linux-gnu/9/../../../x86_64-linux-gnu/crti.o /usr/lib/gcc/x86_64-linux-gnu/9/crtbeginS.o -L/usr/lib/gcc/x86_64-linux-gnu/9 -L/usr/lib/gcc/x86_64-linux-gnu/9/../../../x86_64-linux-gnu -L/usr/lib/gcc/x86_64-linux-gnu/9/../../../../lib -L/lib/x86_64-linux-gnu -L/lib/../lib -L/usr/lib/x86_64-linux-gnu -L/usr/lib/../lib -L/usr/lib/gcc/x86_64-linux-gnu/9/../../.. CMakeFiles/cmTC_8b6b3.dir/CMakeCXXCompilerABI.cpp.o -lstdc++ -lm -lgcc_s -lgcc -lc -lgcc_s -lgcc /usr/lib/gcc/x86_64-linux-gnu/9/crtendS.o /usr/lib/gcc/x86_64-linux-gnu/9/../../../x86_64-linux-gnu/crtn.o]
    arg [/usr/lib/gcc/x86_64-linux-gnu/9/collect2] ==> ignore
    arg [-plugin] ==> ignore
    arg [/usr/lib/gcc/x86_64-linux-gnu/9/liblto_plugin.so] ==> ignore
    arg [-plugin-opt=/usr/lib/gcc/x86_64-linux-gnu/9/lto-wrapper] ==> ignore
    arg [-plugin-opt=-fresolution=/tmp/ccna3JNp.res] ==> ignore
    arg [-plugin-opt=-pass-through=-lgcc_s] ==> ignore
    arg [-plugin-opt=-pass-through=-lgcc] ==> ignore
    arg [-plugin-opt=-pass-through=-lc] ==> ignore
    arg [-plugin-opt=-pass-through=-lgcc_s] ==> ignore
    arg [-plugin-opt=-pass-through=-lgcc] ==> ignore
    arg [--build-id] ==> ignore
    arg [--eh-frame-hdr] ==> ignore
    arg [-m] ==> ignore
    arg [elf_x86_64] ==> ignore
    arg [--hash-style=gnu] ==> ignore
    arg [--as-needed] ==> ignore
    arg [-dynamic-linker] ==> ignore
    arg [/lib64/ld-linux-x86-64.so.2] ==> ignore
    arg [-pie] ==> ignore
    arg [-znow] ==> ignore
    arg [-zrelro] ==> ignore
    arg [-o] ==> ignore
    arg [cmTC_8b6b3] ==> ignore
    arg [/usr/lib/gcc/x86_64-linux-gnu/9/../../../x86_64-linux-gnu/Scrt1.o] ==> ignore
    arg [/usr/lib/gcc/x86_64-linux-gnu/9/../../../x86_64-linux-gnu/crti.o] ==> ignore
    arg [/usr/lib/gcc/x86_64-linux-gnu/9/crtbeginS.o] ==> ignore
    arg [-L/usr/lib/gcc/x86_64-linux-gnu/9] ==> dir [/usr/lib/gcc/x86_64-linux-gnu/9]
    arg [-L/usr/lib/gcc/x86_64-linux-gnu/9/../../../x86_64-linux-gnu] ==> dir [/usr/lib/gcc/x86_64-linux-gnu/9/../../../x86_64-linux-gnu]
    arg [-L/usr/lib/gcc/x86_64-linux-gnu/9/../../../../lib] ==> dir [/usr/lib/gcc/x86_64-linux-gnu/9/../../../../lib]
    arg [-L/lib/x86_64-linux-gnu] ==> dir [/lib/x86_64-linux-gnu]
    arg [-L/lib/../lib] ==> dir [/lib/../lib]
    arg [-L/usr/lib/x86_64-linux-gnu] ==> dir [/usr/lib/x86_64-linux-gnu]
    arg [-L/usr/lib/../lib] ==> dir [/usr/lib/../lib]
    arg [-L/usr/lib/gcc/x86_64-linux-gnu/9/../../..] ==> dir [/usr/lib/gcc/x86_64-linux-gnu/9/../../..]
    arg [CMakeFiles/cmTC_8b6b3.dir/CMakeCXXCompilerABI.cpp.o] ==> ignore
    arg [-lstdc++] ==> lib [stdc++]
    arg [-lm] ==> lib [m]
    arg [-lgcc_s] ==> lib [gcc_s]
    arg [-lgcc] ==> lib [gcc]
    arg [-lc] ==> lib [c]
    arg [-lgcc_s] ==> lib [gcc_s]
    arg [-lgcc] ==> lib [gcc]
    arg [/usr/lib/gcc/x86_64-linux-gnu/9/crtendS.o] ==> ignore
    arg [/usr/lib/gcc/x86_64-linux-gnu/9/../../../x86_64-linux-gnu/crtn.o] ==> ignore
  collapse library dir [/usr/lib/gcc/x86_64-linux-gnu/9] ==> [/usr/lib/gcc/x86_64-linux-gnu/9]
  collapse library dir [/usr/lib/gcc/x86_64-linux-gnu/9/../../../x86_64-linux-gnu] ==> [/usr/lib/x86_64-linux-gnu]
  collapse library dir [/usr/lib/gcc/x86_64-linux-gnu/9/../../../../lib] ==> [/usr/lib]
  collapse library dir [/lib/x86_64-linux-gnu] ==> [/lib/x86_64-linux-gnu]
  collapse library dir [/lib/../lib] ==> [/lib]
  collapse library dir [/usr/lib/x86_64-linux-gnu] ==> [/usr/lib/x86_64-linux-gnu]
  collapse library dir [/usr/lib/../lib] ==> [/usr/lib]
  collapse library dir [/usr/lib/gcc/x86_64-linux-gnu/9/../../..] ==> [/usr/lib]
  implicit libs: [stdc++;m;gcc_s;gcc;c;gcc_s;gcc]
  implicit dirs: [/usr/lib/gcc/x86_64-linux-gnu/9;/usr/lib/x86_64-linux-gnu;/usr/lib;/lib/x86_64-linux-gnu;/lib]
  implicit fwks: []


Performing C++ SOURCE FILE Test RVO_COMPILER_SUPPORTS_WALL succeeded with the following output:
Change Dir: /home/mrs/Desktop/Vinayak/RVO2/build/CMakeFiles/CMakeTmp

Run Build Command(s):/usr/bin/make cmTC_208c2/fast && /usr/bin/make -f CMakeFiles/cmTC_208c2.dir/build.make CMakeFiles/cmTC_208c2.dir/build
make[1]: Entering directory '/home/mrs/Desktop/Vinayak/RVO2/build/CMakeFiles/CMakeTmp'
Building CXX object CMakeFiles/cmTC_208c2.dir/src.cxx.o
/usr/bin/c++    -DRVO_COMPILER_SUPPORTS_WALL -fPIE   -Wall -std=c++11 -o CMakeFiles/cmTC_208c2.dir/src.cxx.o -c /home/mrs/Desktop/Vinayak/RVO2/build/CMakeFiles/CMakeTmp/src.cxx
Linking CXX executable cmTC_208c2
/usr/bin/cmake -E cmake_link_script CMakeFiles/cmTC_208c2.dir/link.txt --verbose=1
/usr/bin/c++   -DRVO_COMPILER_SUPPORTS_WALL    CMakeFiles/cmTC_208c2.dir/src.cxx.o  -o cmTC_208c2 
make[1]: Leaving directory '/home/mrs/Desktop/Vinayak/RVO2/build/CMakeFiles/CMakeTmp'


Source file was:
int main() { return 0; }
Performing C++ SOURCE FILE Test RVO_COMPILER_SUPPORTS_WFORMAT_SECURITY succeeded with the following output:
Change Dir: /home/mrs/Desktop/Vinayak/RVO2/build/CMakeFiles/CMakeTmp

Run Build Command(s):/usr/bin/make cmTC_57e88/fast && /usr/bin/make -f CMakeFiles/cmTC_57e88.dir/build.make CMakeFiles/cmTC_57e88.dir/build
make[1]: Entering directory '/home/mrs/Desktop/Vinayak/RVO2/build/CMakeFiles/CMakeTmp'
Building CXX object CMakeFiles/cmTC_57e88.dir/src.cxx.o
/usr/bin/c++    -DRVO_COMPILER_SUPPORTS_WFORMAT_SECURITY -fPIE   -Wformat-security -std=c++11 -o CMakeFiles/cmTC_57e88.dir/src.cxx.o -c /home/mrs/Desktop/Vinayak/RVO2/build/CMakeFiles/CMakeTmp/src.cxx
Linking CXX executable cmTC_57e88
/usr/bin/cmake -E cmake_link_script CMakeFiles/cmTC_57e88.dir/link.txt --verbose=1
/usr/bin/c++   -DRVO_COMPILER_SUPPORTS_WFORMAT_SECURITY    CMakeFiles/cmTC_57e88.dir/src.cxx.o  -o cmTC_57e88 
make[1]: Leaving directory '/home/mrs/Desktop/Vinayak/RVO2/build/CMakeFiles/CMakeTmp'


Source file was:
int main() { return 0; }
Performing C++ SOURCE FILE Test RVO_COMPILER_SUPPORTS_WERROR_FORMAT_SECURITY succeeded with the following output:
Change Dir: /home/mrs/Desktop/Vinayak/RVO2/build/CMakeFiles/CMakeTmp

Run Build Command(s):/usr/bin/make cmTC_83eef/fast && /usr/bin/make -f CMakeFiles/cmTC_83eef.dir/build.make CMakeFiles/cmTC_83eef.dir/build
make[1]: Entering directory '/home/mrs/Desktop/Vinayak/RVO2/build/CMakeFiles/CMakeTmp'
Building CXX object CMakeFiles/cmTC_83eef.dir/src.cxx.o
/usr/bin/c++    -DRVO_COMPILER_SUPPORTS_WERROR_FORMAT_SECURITY -fPIE   -Werror=format-security -std=c++11 -o CMakeFiles/cmTC_83eef.dir/src.cxx.o -c /home/mrs/Desktop/Vinayak/RVO2/build/CMakeFiles/CMakeTmp/src.cxx
Linking CXX executable cmTC_83eef
/usr/bin/cmake -E cmake_link_script CMakeFiles/cmTC_83eef.dir/link.txt --verbose=1
/usr/bin/c++   -DRVO_COMPILER_SUPPORTS_WERROR_FORMAT_SECURITY    CMakeFiles/cmTC_83eef.dir/src.cxx.o  -o cmTC_83eef 
make[1]: Leaving directory '/home/mrs/Desktop/Vinayak/RVO2/build/CMakeFiles/CMakeTmp'


Source file was:
int main() { return 0; }
Performing C++ SOURCE FILE Test RVO_COMPILER_SUPPORTS_WNO_UNUSED succeeded with the following output:
Change Dir: /home/mrs/Desktop/Vinayak/RVO2/build/CMakeFiles/CMakeTmp

Run Build Command(s):/usr/bin/make cmTC_d6724/fast && /usr/bin/make -f CMakeFiles/cmTC_d6724.dir/build.make CMakeFiles/cmTC_d6724.dir/build
make[1]: Entering directory '/home/mrs/Desktop/Vinayak/RVO2/build/CMakeFiles/CMakeTmp'
Building CXX object CMakeFiles/cmTC_d6724.dir/src.cxx.o
/usr/bin/c++    -DRVO_COMPILER_SUPPORTS_WNO_UNUSED -fPIE   -Wno-unused -std=c++11 -o CMakeFiles/cmTC_d6724.dir/src.cxx.o -c /home/mrs/Desktop/Vinayak/RVO2/build/CMakeFiles/CMakeTmp/src.cxx
Linking CXX executable cmTC_d6724
/usr/bin/cmake -E cmake_link_script CMakeFiles/cmTC_d6724.dir/link.txt --verbose=1
/usr/bin/c++   -DRVO_COMPILER_SUPPORTS_WNO_UNUSED    CMakeFiles/cmTC_d6724.dir/src.cxx.o  -o cmTC_d6724 
make[1]: Leaving directory '/home/mrs/Desktop/Vinayak/RVO2/build/CMakeFiles/CMakeTmp'


Source file was:
int main() { return 0; }
Performing C++ SOURCE FILE Test CHECK_CXX_LINKER_FLAG_LINKER_SUPPORTS__FATAL_WARNINGS succeeded with the following output:
Change Dir: /home/mrs/Desktop/Vinayak/RVO2/build/CMakeFiles/CMakeTmp

Run Build Command(s):/usr/bin/make cmTC_9c67e/fast && /usr/bin/make -f CMakeFiles/cmTC_9c67e.dir/build.make CMakeFiles/cmTC_9c67e.dir/build
make[1]: Entering directory '/home/mrs/Desktop/Vinayak/RVO2/build/CMakeFiles/CMakeTmp'
Building CXX object CMakeFiles/cmTC_9c67e.dir/src.cxx.o
/usr/bin/c++    -Wall -Wformat-security -Werror=format-security -Wno-unused -DCHECK_CXX_LINKER_FLAG_LINKER_SUPPORTS__FATAL_WARNINGS -fPIE   -std=c++11 -o CMakeFiles/cmTC_9c67e.dir/src.cxx.o -c /home/mrs/Desktop/Vinayak/RVO2/build/CMakeFiles/CMakeTmp/src.cxx
Linking CXX executable cmTC_9c67e
/usr/bin/cmake -E cmake_link_script CMakeFiles/cmTC_9c67e.dir/link.txt --verbose=1
/usr/bin/c++   -Wall -Wformat-security -Werror=format-security -Wno-unused -DCHECK_CXX_LINKER_FLAG_LINKER_SUPPORTS__FATAL_WARNINGS    -Wl,--fatal-warnings CMakeFiles/cmTC_9c67e.dir/src.cxx.o  -o cmTC_9c67e 
make[1]: Leaving directory '/home/mrs/Desktop/Vinayak/RVO2/build/CMakeFiles/CMakeTmp'


Source file was:
int main() { return 0; }
Performing C++ SOURCE FILE Test RVO_LINKER_SUPPORTS__AS_NEEDED succeeded with the following output:
Change Dir: /home/mrs/Desktop/Vinayak/RVO2/build/CMakeFiles/CMakeTmp

Run Build Command(s):/usr/bin/make cmTC_2f5a9/fast && /usr/bin/make -f CMakeFiles/cmTC_2f5a9.dir/build.make CMakeFiles/cmTC_2f5a9.dir/build
make[1]: Entering directory '/home/mrs/Desktop/Vinayak/RVO2/build/CMakeFiles/CMakeTmp'
Building CXX object CMakeFiles/cmTC_2f5a9.dir/src.cxx.o
/usr/bin/c++    -Wall -Wformat-security -Werror=format-security -Wno-unused -DRVO_LINKER_SUPPORTS__AS_NEEDED -fPIE   -std=c++11 -o CMakeFiles/cmTC_2f5a9.dir/src.cxx.o -c /home/mrs/Desktop/Vinayak/RVO2/build/CMakeFiles/CMakeTmp/src.cxx
Linking CXX executable cmTC_2f5a9
/usr/bin/cmake -E cmake_link_script CMakeFiles/cmTC_2f5a9.dir/link.txt --verbose=1
/usr/bin/c++   -Wall -Wformat-security -Werror=format-security -Wno-unused -DRVO_LINKER_SUPPORTS__AS_NEEDED    -Wl,--fatal-warnings -Wl,--as-needed CMakeFiles/cmTC_2f5a9.dir/src.cxx.o  -o cmTC_2f5a9 
make[1]: Leaving directory '/home/mrs/Desktop/Vinayak/RVO2/build/CMakeFiles/CMakeTmp'


Source file was:
int main() { return 0; }
Performing C++ SOURCE FILE Test COMPILER_HAS_HIDDEN_VISIBILITY succeeded with the following output:
Change Dir: /home/mrs/Desktop/Vinayak/RVO2/build/CMakeFiles/CMakeTmp

Run Build Command(s):/usr/bin/make cmTC_84867/fast && /usr/bin/make -f CMakeFiles/cmTC_84867.dir/build.make CMakeFiles/cmTC_84867.dir/build
make[1]: Entering directory '/home/mrs/Desktop/Vinayak/RVO2/build/CMakeFiles/CMakeTmp'
Building CXX object CMakeFiles/cmTC_84867.dir/src.cxx.o
/usr/bin/c++    -Wall -Wformat-security -Werror=format-security -Wno-unused -DCOMPILER_HAS_HIDDEN_VISIBILITY -fPIE   -fvisibility=hidden -std=c++11 -o CMakeFiles/cmTC_84867.dir/src.cxx.o -c /home/mrs/Desktop/Vinayak/RVO2/build/CMakeFiles/CMakeTmp/src.cxx
Linking CXX executable cmTC_84867
/usr/bin/cmake -E cmake_link_script CMakeFiles/cmTC_84867.dir/link.txt --verbose=1
/usr/bin/c++   -Wall -Wformat-security -Werror=format-security -Wno-unused -DCOMPILER_HAS_HIDDEN_VISIBILITY   -Wl,--as-needed  CMakeFiles/cmTC_84867.dir/src.cxx.o  -o cmTC_84867 
make[1]: Leaving directory '/home/mrs/Desktop/Vinayak/RVO2/build/CMakeFiles/CMakeTmp'


Source file was:
int main() { return 0; }
Performing C++ SOURCE FILE Test COMPILER_HAS_HIDDEN_INLINE_VISIBILITY succeeded with the following output:
Change Dir: /home/mrs/Desktop/Vinayak/RVO2/build/CMakeFiles/CMakeTmp

Run Build Command(s):/usr/bin/make cmTC_13238/fast && /usr/bin/make -f CMakeFiles/cmTC_13238.dir/build.make CMakeFiles/cmTC_13238.dir/build
make[1]: Entering directory '/home/mrs/Desktop/Vinayak/RVO2/build/CMakeFiles/CMakeTmp'
Building CXX object CMakeFiles/cmTC_13238.dir/src.cxx.o
/usr/bin/c++    -Wall -Wformat-security -Werror=format-security -Wno-unused -DCOMPILER_HAS_HIDDEN_INLINE_VISIBILITY -fPIE   -fvisibility-inlines-hidden -std=c++11 -o CMakeFiles/cmTC_13238.dir/src.cxx.o -c /home/mrs/Desktop/Vinayak/RVO2/build/CMakeFiles/CMakeTmp/src.cxx
Linking CXX executable cmTC_13238
/usr/bin/cmake -E cmake_link_script CMakeFiles/cmTC_13238.dir/link.txt --verbose=1
/usr/bin/c++   -Wall -Wformat-security -Werror=format-security -Wno-unused -DCOMPILER_HAS_HIDDEN_INLINE_VISIBILITY   -Wl,--as-needed  CMakeFiles/cmTC_13238.dir/src.cxx.o  -o cmTC_13238 
make[1]: Leaving directory '/home/mrs/Desktop/Vinayak/RVO2/build/CMakeFiles/CMakeTmp'


Source file was:
int main() { return 0; }
Performing C++ SOURCE FILE Test COMPILER_HAS_DEPRECATED_ATTR succeeded with the following output:
Change Dir: /home/mrs/Desktop/Vinayak/RVO2/build/CMakeFiles/CMakeTmp

Run Build Command(s):/usr/bin/make cmTC_bf2d0/fast && /usr/bin/make -f CMakeFiles/cmTC_bf2d0.dir/build.make CMakeFiles/cmTC_bf2d0.dir/build
make[1]: Entering directory '/home/mrs/Desktop/Vinayak/RVO2/build/CMakeFiles/CMakeTmp'
Building CXX object CMakeFiles/cmTC_bf2d0.dir/src.cxx.o
/usr/bin/c++    -Wall -Wformat-security -Werror=format-security -Wno-unused -DCOMPILER_HAS_DEPRECATED_ATTR -fPIE   -std=c++11 -o CMakeFiles/cmTC_bf2d0.dir/src.cxx.o -c /home/mrs/Desktop/Vinayak/RVO2/build/CMakeFiles/CMakeTmp/src.cxx
/home/mrs/Desktop/Vinayak/RVO2/build/CMakeFiles/CMakeTmp/src.cxx: In function ‘int main()’:
/home/mrs/Desktop/Vinayak/RVO2/build/CMakeFiles/CMakeTmp/src.cxx:2:34: warning: ‘int somefunc()’ is deprecated [-Wdeprecated-declarations]
    2 |     int main() { return somefunc();}
      |                                  ^
/home/mrs/Desktop/Vinayak/RVO2/build/CMakeFiles/CMakeTmp/src.cxx:1:37: note: declared here
    1 | __attribute__((__deprecated__)) int somefunc() { return 0; }
      |                                     ^~~~~~~~
/home/mrs/Desktop/Vinayak/RVO2/build/CMakeFiles/CMakeTmp/src.cxx:2:34: warning: ‘int somefunc()’ is deprecated [-Wdeprecated-declarations]
    2 |     int main() { return somefunc();}
      |                                  ^
/home/mrs/Desktop/Vinayak/RVO2/build/CMakeFiles/CMakeTmp/src.cxx:1:37: note: declared here
    1 | __attribute__((__deprecated__)) int somefunc() { return 0; }
      |                                     ^~~~~~~~
Linking CXX executable cmTC_bf2d0
/usr/bin/cmake -E cmake_link_script CMakeFiles/cmTC_bf2d0.dir/link.txt --verbose=1
/usr/bin/c++   -Wall -Wformat-security -Werror=format-security -Wno-unused -DCOMPILER_HAS_DEPRECATED_ATTR   -Wl,--as-needed  CMakeFiles/cmTC_bf2d0.dir/src.cxx.o  -o cmTC_bf2d0 
make[1]: Leaving directory '/home/mrs/Desktop/Vinayak/RVO2/build/CMakeFiles/CMakeTmp'


Source file was:
__attribute__((__deprecated__)) int somefunc() { return 0; }
    int main() { return somefunc();}
